<?xml version="1.0" encoding="UTF-8"?>
<!-- Generated by org.testng.reporters.JUnitReportReporter -->
<testsuite hostname="DESKTOP-EULJV3S" failures="0" tests="2" name="PracticeProject.PracticeClass" time="0.016" errors="0" timestamp="2024-06-22T16:38:49 IST" skipped="0">
  <testcase classname="PracticeProject.PracticeClass" name="test" time="0.013"/>
  <system-out/>
  <testcase classname="PracticeProject.PracticeClass" name="test1" time="0.003"/>
  <system-out/>
</testsuite> <!-- PracticeProject.PracticeClass -->
